[debug] [2022-05-26T22:06:22.020Z] ----------------------------------------------------------------------
[debug] [2022-05-26T22:06:22.021Z] Command:       /Users/jason/.volta/tools/image/node/16.14.2/bin/node /Users/jason/.volta/tools/image/packages/firebase-tools/bin/firebase deploy --only=functions
[debug] [2022-05-26T22:06:22.021Z] CLI Version:   10.7.2
[debug] [2022-05-26T22:06:22.022Z] Platform:      darwin
[debug] [2022-05-26T22:06:22.022Z] Node Version:  v16.14.2
[debug] [2022-05-26T22:06:22.025Z] Time:          Thu May 26 2022 16:06:22 GMT-0600 (Mountain Daylight Time)
[debug] [2022-05-26T22:06:22.025Z] ----------------------------------------------------------------------
[debug] 
[debug] [2022-05-26T22:06:22.056Z] > command requires scopes: ["email","openid","https://www.googleapis.com/auth/cloudplatformprojects.readonly","https://www.googleapis.com/auth/firebase","https://www.googleapis.com/auth/cloud-platform"]
[debug] [2022-05-26T22:06:22.056Z] > authorizing via signed-in user (jasonmarlow@gmail.com)
[debug] [2022-05-26T22:06:22.056Z] [iam] checking project monorepo-ex for permissions ["cloudfunctions.functions.create","cloudfunctions.functions.delete","cloudfunctions.functions.get","cloudfunctions.functions.list","cloudfunctions.functions.update","cloudfunctions.operations.get","firebase.projects.get"]
[debug] [2022-05-26T22:06:22.057Z] >>> [apiv2][query] POST https://cloudresourcemanager.googleapis.com/v1/projects/monorepo-ex:testIamPermissions [none]
[debug] [2022-05-26T22:06:22.057Z] >>> [apiv2][body] POST https://cloudresourcemanager.googleapis.com/v1/projects/monorepo-ex:testIamPermissions {"permissions":["cloudfunctions.functions.create","cloudfunctions.functions.delete","cloudfunctions.functions.get","cloudfunctions.functions.list","cloudfunctions.functions.update","cloudfunctions.operations.get","firebase.projects.get"]}
[debug] [2022-05-26T22:06:22.241Z] <<< [apiv2][status] POST https://cloudresourcemanager.googleapis.com/v1/projects/monorepo-ex:testIamPermissions 200
[debug] [2022-05-26T22:06:22.241Z] <<< [apiv2][body] POST https://cloudresourcemanager.googleapis.com/v1/projects/monorepo-ex:testIamPermissions {"permissions":["cloudfunctions.functions.create","cloudfunctions.functions.delete","cloudfunctions.functions.get","cloudfunctions.functions.list","cloudfunctions.functions.update","cloudfunctions.operations.get","firebase.projects.get"]}
[debug] [2022-05-26T22:06:22.242Z] >>> [apiv2][query] POST https://iam.googleapis.com/v1/projects/monorepo-ex/serviceAccounts/monorepo-ex@appspot.gserviceaccount.com:testIamPermissions [none]
[debug] [2022-05-26T22:06:22.242Z] >>> [apiv2][body] POST https://iam.googleapis.com/v1/projects/monorepo-ex/serviceAccounts/monorepo-ex@appspot.gserviceaccount.com:testIamPermissions {"permissions":["iam.serviceAccounts.actAs"]}
[debug] [2022-05-26T22:06:22.502Z] <<< [apiv2][status] POST https://iam.googleapis.com/v1/projects/monorepo-ex/serviceAccounts/monorepo-ex@appspot.gserviceaccount.com:testIamPermissions 200
[debug] [2022-05-26T22:06:22.503Z] <<< [apiv2][body] POST https://iam.googleapis.com/v1/projects/monorepo-ex/serviceAccounts/monorepo-ex@appspot.gserviceaccount.com:testIamPermissions {"permissions":["iam.serviceAccounts.actAs"]}
[info] 
[info] === Deploying to 'monorepo-ex'...
[info] 
[info] i  deploying functions 
[info] Running command: npm --prefix "$RESOURCE_DIR" run lint
[info] Running command: npm --prefix "$RESOURCE_DIR" run build
[info] ✔  functions: Finished running predeploy script. 
[debug] [2022-05-26T22:06:28.633Z] >>> [apiv2][query] GET https://firebase.googleapis.com/v1beta1/projects/monorepo-ex [none]
[debug] [2022-05-26T22:06:28.926Z] <<< [apiv2][status] GET https://firebase.googleapis.com/v1beta1/projects/monorepo-ex 200
[debug] [2022-05-26T22:06:28.926Z] <<< [apiv2][body] GET https://firebase.googleapis.com/v1beta1/projects/monorepo-ex {"projectId":"monorepo-ex","projectNumber":"103289758081","displayName":"monorepo-example","name":"projects/monorepo-ex","resources":{"hostingSite":"monorepo-ex","storageBucket":"monorepo-ex.appspot.com","locationId":"us-central"},"state":"ACTIVE"}
[info] i  functions: ensuring required API cloudfunctions.googleapis.com is enabled... 
[info] i  functions: ensuring required API cloudbuild.googleapis.com is enabled... 
[debug] [2022-05-26T22:06:28.929Z] >>> [apiv2][query] GET https://serviceusage.googleapis.com/v1/projects/monorepo-ex/services/cloudfunctions.googleapis.com [none]
[debug] [2022-05-26T22:06:28.930Z] >>> [apiv2][query] GET https://serviceusage.googleapis.com/v1/projects/monorepo-ex/services/runtimeconfig.googleapis.com [none]
[debug] [2022-05-26T22:06:28.931Z] >>> [apiv2][query] GET https://serviceusage.googleapis.com/v1/projects/monorepo-ex/services/cloudbuild.googleapis.com [none]
[debug] [2022-05-26T22:06:28.932Z] >>> [apiv2][query] GET https://serviceusage.googleapis.com/v1/projects/monorepo-ex/services/artifactregistry.googleapis.com [none]
[debug] [2022-05-26T22:06:29.253Z] <<< [apiv2][status] GET https://serviceusage.googleapis.com/v1/projects/monorepo-ex/services/cloudbuild.googleapis.com 200
[debug] [2022-05-26T22:06:29.253Z] <<< [apiv2][body] GET https://serviceusage.googleapis.com/v1/projects/monorepo-ex/services/cloudbuild.googleapis.com [omitted]
[info] ✔  functions: required API cloudbuild.googleapis.com is enabled 
[debug] [2022-05-26T22:06:29.477Z] <<< [apiv2][status] GET https://serviceusage.googleapis.com/v1/projects/monorepo-ex/services/cloudfunctions.googleapis.com 200
[debug] [2022-05-26T22:06:29.477Z] <<< [apiv2][body] GET https://serviceusage.googleapis.com/v1/projects/monorepo-ex/services/cloudfunctions.googleapis.com [omitted]
[info] ✔  functions: required API cloudfunctions.googleapis.com is enabled 
[debug] [2022-05-26T22:06:29.482Z] <<< [apiv2][status] GET https://serviceusage.googleapis.com/v1/projects/monorepo-ex/services/artifactregistry.googleapis.com 200
[debug] [2022-05-26T22:06:29.482Z] <<< [apiv2][body] GET https://serviceusage.googleapis.com/v1/projects/monorepo-ex/services/artifactregistry.googleapis.com [omitted]
[debug] [2022-05-26T22:06:29.618Z] <<< [apiv2][status] GET https://serviceusage.googleapis.com/v1/projects/monorepo-ex/services/runtimeconfig.googleapis.com 200
[debug] [2022-05-26T22:06:29.618Z] <<< [apiv2][body] GET https://serviceusage.googleapis.com/v1/projects/monorepo-ex/services/runtimeconfig.googleapis.com [omitted]
[debug] [2022-05-26T22:06:29.618Z] >>> [apiv2][query] GET https://firebase.googleapis.com/v1beta1/projects/monorepo-ex/adminSdkConfig [none]
[debug] [2022-05-26T22:06:29.829Z] <<< [apiv2][status] GET https://firebase.googleapis.com/v1beta1/projects/monorepo-ex/adminSdkConfig 200
[debug] [2022-05-26T22:06:29.829Z] <<< [apiv2][body] GET https://firebase.googleapis.com/v1beta1/projects/monorepo-ex/adminSdkConfig {"projectId":"monorepo-ex","storageBucket":"monorepo-ex.appspot.com","locationId":"us-central"}
[debug] [2022-05-26T22:06:29.829Z] >>> [apiv2][query] GET https://runtimeconfig.googleapis.com/v1beta1/projects/monorepo-ex/configs [none]
[debug] [2022-05-26T22:06:30.136Z] <<< [apiv2][status] GET https://runtimeconfig.googleapis.com/v1beta1/projects/monorepo-ex/configs 200
[debug] [2022-05-26T22:06:30.137Z] <<< [apiv2][body] GET https://runtimeconfig.googleapis.com/v1beta1/projects/monorepo-ex/configs {}
[info] i  functions: preparing codebase default for deployment 
[debug] [2022-05-26T22:06:30.139Z] Validating nodejs source
[warn] ⚠  functions: package.json indicates an outdated version of firebase-functions. Please upgrade using npm install --save firebase-functions@latest in your functions directory. 
[debug] [2022-05-26T22:06:30.782Z] > [functions] package.json contents: {
  "name": "functions",
  "scripts": {
    "lint": "npx eslint -c ./.eslintrc.js",
    "build": "tsc",
    "serve": "npm run build && firebase emulators:start --only functions",
    "shell": "npm run build && firebase functions:shell",
    "start": "npm run shell",
    "deploy": "firebase deploy --only functions",
    "logs": "firebase functions:log"
  },
  "engines": {
    "node": "16"
  },
  "main": "lib/index.js",
  "dependencies": {
    "firebase-admin": "^10.0.2",
    "firebase-functions": "^3.18.0"
  },
  "devDependencies": {
    "@typescript-eslint/eslint-plugin": "^5.12.0",
    "@typescript-eslint/parser": "^5.12.0",
    "eslint": "^8.9.0",
    "eslint-config-google": "^0.14.0",
    "eslint-plugin-import": "^2.25.4",
    "firebase-functions-test": "^0.2.0",
    "typescript": "^4.5.4"
  },
  "private": true
}
[debug] [2022-05-26T22:06:30.783Z] Building nodejs source
[debug] [2022-05-26T22:06:30.783Z] Analyzing nodejs backend spec
[info] i  functions: preparing functions directory for uploading... 
[info] i  functions: packaged /Users/jason/dev/monorepo-example/functions (89.86 KB) for uploading 
[debug] [2022-05-26T22:06:30.875Z] >>> [apiv2][query] GET https://cloudfunctions.googleapis.com/v1/projects/monorepo-ex/locations/-/functions [none]
[debug] [2022-05-26T22:06:31.451Z] <<< [apiv2][status] GET https://cloudfunctions.googleapis.com/v1/projects/monorepo-ex/locations/-/functions 200
[debug] [2022-05-26T22:06:31.451Z] <<< [apiv2][body] GET https://cloudfunctions.googleapis.com/v1/projects/monorepo-ex/locations/-/functions {"functions":[{"name":"projects/monorepo-ex/locations/us-central1/functions/helloWorld","httpsTrigger":{"url":"https://us-central1-monorepo-ex.cloudfunctions.net/helloWorld","securityLevel":"SECURE_ALWAYS"},"status":"ACTIVE","entryPoint":"helloWorld","timeout":"60s","availableMemoryMb":256,"serviceAccountEmail":"monorepo-ex@appspot.gserviceaccount.com","updateTime":"2022-05-26T21:43:14.309Z","versionId":"1","labels":{"deployment-tool":"cli-firebase"},"sourceUploadUrl":"https://storage.googleapis.com/uploads-931436615215.us-central1.cloudfunctions.appspot.com/d16ee0a9-7dbb-4793-9b5f-d018f19a87f7.zip","environmentVariables":{"FIREBASE_CONFIG":"{\"projectId\":\"monorepo-ex\",\"storageBucket\":\"monorepo-ex.appspot.com\",\"locationId\":\"us-central\"}","GCLOUD_PROJECT":"monorepo-ex"},"runtime":"nodejs16","ingressSettings":"ALLOW_ALL","buildId":"1c3733ee-c492-49c5-b2d9-314b7368efa5","buildName":"projects/103289758081/locations/us-central1/builds/1c3733ee-c492-49c5-b2d9-314b7368efa5","dockerRegistry":"CONTAINER_REGISTRY"}]}
[debug] [2022-05-26T22:06:31.454Z] >>> [apiv2][query] GET https://firebase.googleapis.com/v1beta1/projects/monorepo-ex [none]
[debug] [2022-05-26T22:06:31.814Z] <<< [apiv2][status] GET https://firebase.googleapis.com/v1beta1/projects/monorepo-ex 200
[debug] [2022-05-26T22:06:31.814Z] <<< [apiv2][body] GET https://firebase.googleapis.com/v1beta1/projects/monorepo-ex {"projectId":"monorepo-ex","projectNumber":"103289758081","displayName":"monorepo-example","name":"projects/monorepo-ex","resources":{"hostingSite":"monorepo-ex","storageBucket":"monorepo-ex.appspot.com","locationId":"us-central"},"state":"ACTIVE"}
[debug] [2022-05-26T22:06:31.816Z] >>> [apiv2][query] POST https://cloudfunctions.googleapis.com/v1/projects/monorepo-ex/locations/us-central1/functions:generateUploadUrl [none]
[debug] [2022-05-26T22:06:31.816Z] >>> [apiv2][body] POST https://cloudfunctions.googleapis.com/v1/projects/monorepo-ex/locations/us-central1/functions:generateUploadUrl {}
[debug] [2022-05-26T22:06:32.688Z] <<< [apiv2][status] POST https://cloudfunctions.googleapis.com/v1/projects/monorepo-ex/locations/us-central1/functions:generateUploadUrl 200
[debug] [2022-05-26T22:06:32.688Z] <<< [apiv2][body] POST https://cloudfunctions.googleapis.com/v1/projects/monorepo-ex/locations/us-central1/functions:generateUploadUrl {"uploadUrl":"https://storage.googleapis.com/uploads-931436615215.us-central1.cloudfunctions.appspot.com/ad79a984-2931-44ba-be2e-72173b016708.zip?GoogleAccessId=service-103289758081@gcf-admin-robot.iam.gserviceaccount.com&Expires=1653604592&Signature=XG2u%2Fr9cM1%2BGS5Ec21xIozGxbOKDoTPpB5wnLAXIGH8Nraaa2hxQBHjpNRDHd3aZZ96y60eLasOMMYdhKQ6G%2Bjh4gRjT2eZcu3UMM%2FBhbGnYSdadL9GmynVLVuF8xH%2BuzdFWSTxNfdeP%2BQC8WzL%2FRvTSvtQGDHMwgk%2FoijbpENhE6VESXEYiJJHBpG7efo6SdLPglCpitcBctcPa7jzSCAW6Sj9zF3SFGo9KBIqkREXCi%2BUEE3rntP592gyrB9e7DaWy80C4ChN4nKgVf7vEinxZh8AYzmvLMy%2FueZvdT25AVZM4j%2BmRKX%2Bh9Le80l%2FR9%2F5yjhCQOy7yuPH%2FotwBdg%3D%3D"}
[debug] [2022-05-26T22:06:32.690Z] >>> [apiv2][query] PUT https://storage.googleapis.com/uploads-931436615215.us-central1.cloudfunctions.appspot.com/ad79a984-2931-44ba-be2e-72173b016708.zip GoogleAccessId=service-103289758081%40gcf-admin-robot.iam.gserviceaccount.com&Expires=1653604592&Signature=XG2u%2Fr9cM1%2BGS5Ec21xIozGxbOKDoTPpB5wnLAXIGH8Nraaa2hxQBHjpNRDHd3aZZ96y60eLasOMMYdhKQ6G%2Bjh4gRjT2eZcu3UMM%2FBhbGnYSdadL9GmynVLVuF8xH%2BuzdFWSTxNfdeP%2BQC8WzL%2FRvTSvtQGDHMwgk%2FoijbpENhE6VESXEYiJJHBpG7efo6SdLPglCpitcBctcPa7jzSCAW6Sj9zF3SFGo9KBIqkREXCi%2BUEE3rntP592gyrB9e7DaWy80C4ChN4nKgVf7vEinxZh8AYzmvLMy%2FueZvdT25AVZM4j%2BmRKX%2Bh9Le80l%2FR9%2F5yjhCQOy7yuPH%2FotwBdg%3D%3D
[debug] [2022-05-26T22:06:32.691Z] >>> [apiv2][body] PUT https://storage.googleapis.com/uploads-931436615215.us-central1.cloudfunctions.appspot.com/ad79a984-2931-44ba-be2e-72173b016708.zip [stream]
[debug] [2022-05-26T22:06:33.213Z] <<< [apiv2][status] PUT https://storage.googleapis.com/uploads-931436615215.us-central1.cloudfunctions.appspot.com/ad79a984-2931-44ba-be2e-72173b016708.zip 200
[debug] [2022-05-26T22:06:33.213Z] <<< [apiv2][body] PUT https://storage.googleapis.com/uploads-931436615215.us-central1.cloudfunctions.appspot.com/ad79a984-2931-44ba-be2e-72173b016708.zip [omitted]
[info] ✔  functions: functions folder uploaded successfully 
[info] i  functions: updating Node.js 16 function helloWorld(us-central1)... 
[debug] [2022-05-26T22:06:33.219Z] >>> [apiv2][query] PATCH https://cloudfunctions.googleapis.com/v1/projects/monorepo-ex/locations/us-central1/functions/helloWorld updateMask=name%2CsourceUploadUrl%2CentryPoint%2Cruntime%2Clabels%2ChttpsTrigger.securityLevel%2CavailableMemoryMb%2CenvironmentVariables%2CsourceToken
[debug] [2022-05-26T22:06:33.219Z] >>> [apiv2][body] PATCH https://cloudfunctions.googleapis.com/v1/projects/monorepo-ex/locations/us-central1/functions/helloWorld {"name":"projects/monorepo-ex/locations/us-central1/functions/helloWorld","sourceUploadUrl":"https://storage.googleapis.com/uploads-931436615215.us-central1.cloudfunctions.appspot.com/ad79a984-2931-44ba-be2e-72173b016708.zip?GoogleAccessId=service-103289758081@gcf-admin-robot.iam.gserviceaccount.com&Expires=1653604592&Signature=XG2u%2Fr9cM1%2BGS5Ec21xIozGxbOKDoTPpB5wnLAXIGH8Nraaa2hxQBHjpNRDHd3aZZ96y60eLasOMMYdhKQ6G%2Bjh4gRjT2eZcu3UMM%2FBhbGnYSdadL9GmynVLVuF8xH%2BuzdFWSTxNfdeP%2BQC8WzL%2FRvTSvtQGDHMwgk%2FoijbpENhE6VESXEYiJJHBpG7efo6SdLPglCpitcBctcPa7jzSCAW6Sj9zF3SFGo9KBIqkREXCi%2BUEE3rntP592gyrB9e7DaWy80C4ChN4nKgVf7vEinxZh8AYzmvLMy%2FueZvdT25AVZM4j%2BmRKX%2Bh9Le80l%2FR9%2F5yjhCQOy7yuPH%2FotwBdg%3D%3D","entryPoint":"helloWorld","runtime":"nodejs16","labels":{"deployment-tool":"cli-firebase"},"httpsTrigger":{"securityLevel":"SECURE_ALWAYS"},"availableMemoryMb":256,"environmentVariables":{"FIREBASE_CONFIG":"{\"projectId\":\"monorepo-ex\",\"storageBucket\":\"monorepo-ex.appspot.com\",\"locationId\":\"us-central\"}","GCLOUD_PROJECT":"monorepo-ex"}}
[debug] [2022-05-26T22:06:33.946Z] <<< [apiv2][status] PATCH https://cloudfunctions.googleapis.com/v1/projects/monorepo-ex/locations/us-central1/functions/helloWorld 200
[debug] [2022-05-26T22:06:33.946Z] <<< [apiv2][body] PATCH https://cloudfunctions.googleapis.com/v1/projects/monorepo-ex/locations/us-central1/functions/helloWorld {"name":"operations/bW9ub3JlcG8tZXgvdXMtY2VudHJhbDEvaGVsbG9Xb3JsZC9ldFVkdFlqM19zMA","metadata":{"@type":"type.googleapis.com/google.cloud.functions.v1.OperationMetadataV1","target":"projects/monorepo-ex/locations/us-central1/functions/helloWorld","type":"UPDATE_FUNCTION","request":{"@type":"type.googleapis.com/google.cloud.functions.v1.CloudFunction","name":"projects/monorepo-ex/locations/us-central1/functions/helloWorld","httpsTrigger":{"url":"https://us-central1-monorepo-ex.cloudfunctions.net/helloWorld","securityLevel":"SECURE_ALWAYS"},"status":"ACTIVE","entryPoint":"helloWorld","timeout":"60s","availableMemoryMb":256,"serviceAccountEmail":"monorepo-ex@appspot.gserviceaccount.com","updateTime":"2022-05-26T21:43:14.309Z","versionId":"1","labels":{"deployment-tool":"cli-firebase"},"sourceUploadUrl":"https://storage.googleapis.com/uploads-931436615215.us-central1.cloudfunctions.appspot.com/ad79a984-2931-44ba-be2e-72173b016708.zip?GoogleAccessId=service-103289758081@gcf-admin-robot.iam.gserviceaccount.com&Expires=1653604592&Signature=XG2u%2Fr9cM1%2BGS5Ec21xIozGxbOKDoTPpB5wnLAXIGH8Nraaa2hxQBHjpNRDHd3aZZ96y60eLasOMMYdhKQ6G%2Bjh4gRjT2eZcu3UMM%2FBhbGnYSdadL9GmynVLVuF8xH%2BuzdFWSTxNfdeP%2BQC8WzL%2FRvTSvtQGDHMwgk%2FoijbpENhE6VESXEYiJJHBpG7efo6SdLPglCpitcBctcPa7jzSCAW6Sj9zF3SFGo9KBIqkREXCi%2BUEE3rntP592gyrB9e7DaWy80C4ChN4nKgVf7vEinxZh8AYzmvLMy%2FueZvdT25AVZM4j%2BmRKX%2Bh9Le80l%2FR9%2F5yjhCQOy7yuPH%2FotwBdg%3D%3D","environmentVariables":{"FIREBASE_CONFIG":"{\"projectId\":\"monorepo-ex\",\"storageBucket\":\"monorepo-ex.appspot.com\",\"locationId\":\"us-central\"}","GCLOUD_PROJECT":"monorepo-ex"},"runtime":"nodejs16","ingressSettings":"ALLOW_ALL","buildId":"1c3733ee-c492-49c5-b2d9-314b7368efa5","buildName":"projects/103289758081/locations/us-central1/builds/1c3733ee-c492-49c5-b2d9-314b7368efa5","dockerRegistry":"CONTAINER_REGISTRY"},"versionId":"2","updateTime":"2022-05-26T22:06:34Z"}}
[debug] [2022-05-26T22:06:33.947Z] >>> [apiv2][query] GET https://cloudfunctions.googleapis.com/v1/operations/bW9ub3JlcG8tZXgvdXMtY2VudHJhbDEvaGVsbG9Xb3JsZC9ldFVkdFlqM19zMA [none]
[debug] [2022-05-26T22:06:34.255Z] <<< [apiv2][status] GET https://cloudfunctions.googleapis.com/v1/operations/bW9ub3JlcG8tZXgvdXMtY2VudHJhbDEvaGVsbG9Xb3JsZC9ldFVkdFlqM19zMA 200
[debug] [2022-05-26T22:06:34.255Z] <<< [apiv2][body] GET https://cloudfunctions.googleapis.com/v1/operations/bW9ub3JlcG8tZXgvdXMtY2VudHJhbDEvaGVsbG9Xb3JsZC9ldFVkdFlqM19zMA {"name":"operations/bW9ub3JlcG8tZXgvdXMtY2VudHJhbDEvaGVsbG9Xb3JsZC9ldFVkdFlqM19zMA","metadata":{"@type":"type.googleapis.com/google.cloud.functions.v1.OperationMetadataV1","target":"projects/monorepo-ex/locations/us-central1/functions/helloWorld","type":"UPDATE_FUNCTION","request":{"@type":"type.googleapis.com/google.cloud.functions.v1.CloudFunction","name":"projects/monorepo-ex/locations/us-central1/functions/helloWorld","httpsTrigger":{"url":"https://us-central1-monorepo-ex.cloudfunctions.net/helloWorld","securityLevel":"SECURE_ALWAYS"},"status":"ACTIVE","entryPoint":"helloWorld","timeout":"60s","availableMemoryMb":256,"serviceAccountEmail":"monorepo-ex@appspot.gserviceaccount.com","updateTime":"2022-05-26T21:43:14.309Z","versionId":"1","labels":{"deployment-tool":"cli-firebase"},"sourceUploadUrl":"https://storage.googleapis.com/uploads-931436615215.us-central1.cloudfunctions.appspot.com/ad79a984-2931-44ba-be2e-72173b016708.zip?GoogleAccessId=service-103289758081@gcf-admin-robot.iam.gserviceaccount.com&Expires=1653604592&Signature=XG2u%2Fr9cM1%2BGS5Ec21xIozGxbOKDoTPpB5wnLAXIGH8Nraaa2hxQBHjpNRDHd3aZZ96y60eLasOMMYdhKQ6G%2Bjh4gRjT2eZcu3UMM%2FBhbGnYSdadL9GmynVLVuF8xH%2BuzdFWSTxNfdeP%2BQC8WzL%2FRvTSvtQGDHMwgk%2FoijbpENhE6VESXEYiJJHBpG7efo6SdLPglCpitcBctcPa7jzSCAW6Sj9zF3SFGo9KBIqkREXCi%2BUEE3rntP592gyrB9e7DaWy80C4ChN4nKgVf7vEinxZh8AYzmvLMy%2FueZvdT25AVZM4j%2BmRKX%2Bh9Le80l%2FR9%2F5yjhCQOy7yuPH%2FotwBdg%3D%3D","environmentVariables":{"FIREBASE_CONFIG":"{\"projectId\":\"monorepo-ex\",\"storageBucket\":\"monorepo-ex.appspot.com\",\"locationId\":\"us-central\"}","GCLOUD_PROJECT":"monorepo-ex"},"runtime":"nodejs16","ingressSettings":"ALLOW_ALL","buildId":"1c3733ee-c492-49c5-b2d9-314b7368efa5","buildName":"projects/103289758081/locations/us-central1/builds/1c3733ee-c492-49c5-b2d9-314b7368efa5","dockerRegistry":"CONTAINER_REGISTRY"},"versionId":"2","updateTime":"2022-05-26T22:06:34Z"}}
[debug] [2022-05-26T22:06:34.758Z] [update-default-us-central1-helloWorld] Retrying task index 0
[debug] [2022-05-26T22:06:34.759Z] >>> [apiv2][query] GET https://cloudfunctions.googleapis.com/v1/operations/bW9ub3JlcG8tZXgvdXMtY2VudHJhbDEvaGVsbG9Xb3JsZC9ldFVkdFlqM19zMA [none]
[debug] [2022-05-26T22:06:35.192Z] <<< [apiv2][status] GET https://cloudfunctions.googleapis.com/v1/operations/bW9ub3JlcG8tZXgvdXMtY2VudHJhbDEvaGVsbG9Xb3JsZC9ldFVkdFlqM19zMA 200
[debug] [2022-05-26T22:06:35.193Z] <<< [apiv2][body] GET https://cloudfunctions.googleapis.com/v1/operations/bW9ub3JlcG8tZXgvdXMtY2VudHJhbDEvaGVsbG9Xb3JsZC9ldFVkdFlqM19zMA {"name":"operations/bW9ub3JlcG8tZXgvdXMtY2VudHJhbDEvaGVsbG9Xb3JsZC9ldFVkdFlqM19zMA","metadata":{"@type":"type.googleapis.com/google.cloud.functions.v1.OperationMetadataV1","target":"projects/monorepo-ex/locations/us-central1/functions/helloWorld","type":"UPDATE_FUNCTION","request":{"@type":"type.googleapis.com/google.cloud.functions.v1.CloudFunction","name":"projects/monorepo-ex/locations/us-central1/functions/helloWorld","httpsTrigger":{"url":"https://us-central1-monorepo-ex.cloudfunctions.net/helloWorld","securityLevel":"SECURE_ALWAYS"},"status":"ACTIVE","entryPoint":"helloWorld","timeout":"60s","availableMemoryMb":256,"serviceAccountEmail":"monorepo-ex@appspot.gserviceaccount.com","updateTime":"2022-05-26T21:43:14.309Z","versionId":"1","labels":{"deployment-tool":"cli-firebase"},"sourceUploadUrl":"https://storage.googleapis.com/uploads-931436615215.us-central1.cloudfunctions.appspot.com/ad79a984-2931-44ba-be2e-72173b016708.zip?GoogleAccessId=service-103289758081@gcf-admin-robot.iam.gserviceaccount.com&Expires=1653604592&Signature=XG2u%2Fr9cM1%2BGS5Ec21xIozGxbOKDoTPpB5wnLAXIGH8Nraaa2hxQBHjpNRDHd3aZZ96y60eLasOMMYdhKQ6G%2Bjh4gRjT2eZcu3UMM%2FBhbGnYSdadL9GmynVLVuF8xH%2BuzdFWSTxNfdeP%2BQC8WzL%2FRvTSvtQGDHMwgk%2FoijbpENhE6VESXEYiJJHBpG7efo6SdLPglCpitcBctcPa7jzSCAW6Sj9zF3SFGo9KBIqkREXCi%2BUEE3rntP592gyrB9e7DaWy80C4ChN4nKgVf7vEinxZh8AYzmvLMy%2FueZvdT25AVZM4j%2BmRKX%2Bh9Le80l%2FR9%2F5yjhCQOy7yuPH%2FotwBdg%3D%3D","environmentVariables":{"FIREBASE_CONFIG":"{\"projectId\":\"monorepo-ex\",\"storageBucket\":\"monorepo-ex.appspot.com\",\"locationId\":\"us-central\"}","GCLOUD_PROJECT":"monorepo-ex"},"runtime":"nodejs16","ingressSettings":"ALLOW_ALL","buildId":"1c3733ee-c492-49c5-b2d9-314b7368efa5","buildName":"projects/103289758081/locations/us-central1/builds/1c3733ee-c492-49c5-b2d9-314b7368efa5","dockerRegistry":"CONTAINER_REGISTRY"},"versionId":"2","updateTime":"2022-05-26T22:06:34Z","buildId":"6b163087-e479-47f2-b703-7cdd9deec938","buildName":"projects/103289758081/locations/us-central1/builds/6b163087-e479-47f2-b703-7cdd9deec938"}}
[debug] [2022-05-26T22:06:36.194Z] [update-default-us-central1-helloWorld] Retrying task index 0
[debug] [2022-05-26T22:06:36.195Z] >>> [apiv2][query] GET https://cloudfunctions.googleapis.com/v1/operations/bW9ub3JlcG8tZXgvdXMtY2VudHJhbDEvaGVsbG9Xb3JsZC9ldFVkdFlqM19zMA [none]
[debug] [2022-05-26T22:06:36.620Z] <<< [apiv2][status] GET https://cloudfunctions.googleapis.com/v1/operations/bW9ub3JlcG8tZXgvdXMtY2VudHJhbDEvaGVsbG9Xb3JsZC9ldFVkdFlqM19zMA 200
[debug] [2022-05-26T22:06:36.621Z] <<< [apiv2][body] GET https://cloudfunctions.googleapis.com/v1/operations/bW9ub3JlcG8tZXgvdXMtY2VudHJhbDEvaGVsbG9Xb3JsZC9ldFVkdFlqM19zMA {"name":"operations/bW9ub3JlcG8tZXgvdXMtY2VudHJhbDEvaGVsbG9Xb3JsZC9ldFVkdFlqM19zMA","metadata":{"@type":"type.googleapis.com/google.cloud.functions.v1.OperationMetadataV1","target":"projects/monorepo-ex/locations/us-central1/functions/helloWorld","type":"UPDATE_FUNCTION","request":{"@type":"type.googleapis.com/google.cloud.functions.v1.CloudFunction","name":"projects/monorepo-ex/locations/us-central1/functions/helloWorld","httpsTrigger":{"url":"https://us-central1-monorepo-ex.cloudfunctions.net/helloWorld","securityLevel":"SECURE_ALWAYS"},"status":"ACTIVE","entryPoint":"helloWorld","timeout":"60s","availableMemoryMb":256,"serviceAccountEmail":"monorepo-ex@appspot.gserviceaccount.com","updateTime":"2022-05-26T21:43:14.309Z","versionId":"1","labels":{"deployment-tool":"cli-firebase"},"sourceUploadUrl":"https://storage.googleapis.com/uploads-931436615215.us-central1.cloudfunctions.appspot.com/ad79a984-2931-44ba-be2e-72173b016708.zip?GoogleAccessId=service-103289758081@gcf-admin-robot.iam.gserviceaccount.com&Expires=1653604592&Signature=XG2u%2Fr9cM1%2BGS5Ec21xIozGxbOKDoTPpB5wnLAXIGH8Nraaa2hxQBHjpNRDHd3aZZ96y60eLasOMMYdhKQ6G%2Bjh4gRjT2eZcu3UMM%2FBhbGnYSdadL9GmynVLVuF8xH%2BuzdFWSTxNfdeP%2BQC8WzL%2FRvTSvtQGDHMwgk%2FoijbpENhE6VESXEYiJJHBpG7efo6SdLPglCpitcBctcPa7jzSCAW6Sj9zF3SFGo9KBIqkREXCi%2BUEE3rntP592gyrB9e7DaWy80C4ChN4nKgVf7vEinxZh8AYzmvLMy%2FueZvdT25AVZM4j%2BmRKX%2Bh9Le80l%2FR9%2F5yjhCQOy7yuPH%2FotwBdg%3D%3D","environmentVariables":{"FIREBASE_CONFIG":"{\"projectId\":\"monorepo-ex\",\"storageBucket\":\"monorepo-ex.appspot.com\",\"locationId\":\"us-central\"}","GCLOUD_PROJECT":"monorepo-ex"},"runtime":"nodejs16","ingressSettings":"ALLOW_ALL","buildId":"1c3733ee-c492-49c5-b2d9-314b7368efa5","buildName":"projects/103289758081/locations/us-central1/builds/1c3733ee-c492-49c5-b2d9-314b7368efa5","dockerRegistry":"CONTAINER_REGISTRY"},"versionId":"2","updateTime":"2022-05-26T22:06:34Z","buildId":"6b163087-e479-47f2-b703-7cdd9deec938","buildName":"projects/103289758081/locations/us-central1/builds/6b163087-e479-47f2-b703-7cdd9deec938"}}
[debug] [2022-05-26T22:06:38.622Z] [update-default-us-central1-helloWorld] Retrying task index 0
[debug] [2022-05-26T22:06:38.626Z] >>> [apiv2][query] GET https://cloudfunctions.googleapis.com/v1/operations/bW9ub3JlcG8tZXgvdXMtY2VudHJhbDEvaGVsbG9Xb3JsZC9ldFVkdFlqM19zMA [none]
[debug] [2022-05-26T22:06:39.133Z] <<< [apiv2][status] GET https://cloudfunctions.googleapis.com/v1/operations/bW9ub3JlcG8tZXgvdXMtY2VudHJhbDEvaGVsbG9Xb3JsZC9ldFVkdFlqM19zMA 200
[debug] [2022-05-26T22:06:39.133Z] <<< [apiv2][body] GET https://cloudfunctions.googleapis.com/v1/operations/bW9ub3JlcG8tZXgvdXMtY2VudHJhbDEvaGVsbG9Xb3JsZC9ldFVkdFlqM19zMA {"name":"operations/bW9ub3JlcG8tZXgvdXMtY2VudHJhbDEvaGVsbG9Xb3JsZC9ldFVkdFlqM19zMA","metadata":{"@type":"type.googleapis.com/google.cloud.functions.v1.OperationMetadataV1","target":"projects/monorepo-ex/locations/us-central1/functions/helloWorld","type":"UPDATE_FUNCTION","request":{"@type":"type.googleapis.com/google.cloud.functions.v1.CloudFunction","name":"projects/monorepo-ex/locations/us-central1/functions/helloWorld","httpsTrigger":{"url":"https://us-central1-monorepo-ex.cloudfunctions.net/helloWorld","securityLevel":"SECURE_ALWAYS"},"status":"ACTIVE","entryPoint":"helloWorld","timeout":"60s","availableMemoryMb":256,"serviceAccountEmail":"monorepo-ex@appspot.gserviceaccount.com","updateTime":"2022-05-26T21:43:14.309Z","versionId":"1","labels":{"deployment-tool":"cli-firebase"},"sourceUploadUrl":"https://storage.googleapis.com/uploads-931436615215.us-central1.cloudfunctions.appspot.com/ad79a984-2931-44ba-be2e-72173b016708.zip?GoogleAccessId=service-103289758081@gcf-admin-robot.iam.gserviceaccount.com&Expires=1653604592&Signature=XG2u%2Fr9cM1%2BGS5Ec21xIozGxbOKDoTPpB5wnLAXIGH8Nraaa2hxQBHjpNRDHd3aZZ96y60eLasOMMYdhKQ6G%2Bjh4gRjT2eZcu3UMM%2FBhbGnYSdadL9GmynVLVuF8xH%2BuzdFWSTxNfdeP%2BQC8WzL%2FRvTSvtQGDHMwgk%2FoijbpENhE6VESXEYiJJHBpG7efo6SdLPglCpitcBctcPa7jzSCAW6Sj9zF3SFGo9KBIqkREXCi%2BUEE3rntP592gyrB9e7DaWy80C4ChN4nKgVf7vEinxZh8AYzmvLMy%2FueZvdT25AVZM4j%2BmRKX%2Bh9Le80l%2FR9%2F5yjhCQOy7yuPH%2FotwBdg%3D%3D","environmentVariables":{"FIREBASE_CONFIG":"{\"projectId\":\"monorepo-ex\",\"storageBucket\":\"monorepo-ex.appspot.com\",\"locationId\":\"us-central\"}","GCLOUD_PROJECT":"monorepo-ex"},"runtime":"nodejs16","ingressSettings":"ALLOW_ALL","buildId":"1c3733ee-c492-49c5-b2d9-314b7368efa5","buildName":"projects/103289758081/locations/us-central1/builds/1c3733ee-c492-49c5-b2d9-314b7368efa5","dockerRegistry":"CONTAINER_REGISTRY"},"versionId":"2","updateTime":"2022-05-26T22:06:34Z","buildId":"6b163087-e479-47f2-b703-7cdd9deec938","buildName":"projects/103289758081/locations/us-central1/builds/6b163087-e479-47f2-b703-7cdd9deec938"}}
[debug] [2022-05-26T22:06:43.135Z] [update-default-us-central1-helloWorld] Retrying task index 0
[debug] [2022-05-26T22:06:43.135Z] >>> [apiv2][query] GET https://cloudfunctions.googleapis.com/v1/operations/bW9ub3JlcG8tZXgvdXMtY2VudHJhbDEvaGVsbG9Xb3JsZC9ldFVkdFlqM19zMA [none]
[debug] [2022-05-26T22:06:43.546Z] <<< [apiv2][status] GET https://cloudfunctions.googleapis.com/v1/operations/bW9ub3JlcG8tZXgvdXMtY2VudHJhbDEvaGVsbG9Xb3JsZC9ldFVkdFlqM19zMA 200
[debug] [2022-05-26T22:06:43.546Z] <<< [apiv2][body] GET https://cloudfunctions.googleapis.com/v1/operations/bW9ub3JlcG8tZXgvdXMtY2VudHJhbDEvaGVsbG9Xb3JsZC9ldFVkdFlqM19zMA {"name":"operations/bW9ub3JlcG8tZXgvdXMtY2VudHJhbDEvaGVsbG9Xb3JsZC9ldFVkdFlqM19zMA","metadata":{"@type":"type.googleapis.com/google.cloud.functions.v1.OperationMetadataV1","target":"projects/monorepo-ex/locations/us-central1/functions/helloWorld","type":"UPDATE_FUNCTION","request":{"@type":"type.googleapis.com/google.cloud.functions.v1.CloudFunction","name":"projects/monorepo-ex/locations/us-central1/functions/helloWorld","httpsTrigger":{"url":"https://us-central1-monorepo-ex.cloudfunctions.net/helloWorld","securityLevel":"SECURE_ALWAYS"},"status":"ACTIVE","entryPoint":"helloWorld","timeout":"60s","availableMemoryMb":256,"serviceAccountEmail":"monorepo-ex@appspot.gserviceaccount.com","updateTime":"2022-05-26T21:43:14.309Z","versionId":"1","labels":{"deployment-tool":"cli-firebase"},"sourceUploadUrl":"https://storage.googleapis.com/uploads-931436615215.us-central1.cloudfunctions.appspot.com/ad79a984-2931-44ba-be2e-72173b016708.zip?GoogleAccessId=service-103289758081@gcf-admin-robot.iam.gserviceaccount.com&Expires=1653604592&Signature=XG2u%2Fr9cM1%2BGS5Ec21xIozGxbOKDoTPpB5wnLAXIGH8Nraaa2hxQBHjpNRDHd3aZZ96y60eLasOMMYdhKQ6G%2Bjh4gRjT2eZcu3UMM%2FBhbGnYSdadL9GmynVLVuF8xH%2BuzdFWSTxNfdeP%2BQC8WzL%2FRvTSvtQGDHMwgk%2FoijbpENhE6VESXEYiJJHBpG7efo6SdLPglCpitcBctcPa7jzSCAW6Sj9zF3SFGo9KBIqkREXCi%2BUEE3rntP592gyrB9e7DaWy80C4ChN4nKgVf7vEinxZh8AYzmvLMy%2FueZvdT25AVZM4j%2BmRKX%2Bh9Le80l%2FR9%2F5yjhCQOy7yuPH%2FotwBdg%3D%3D","environmentVariables":{"FIREBASE_CONFIG":"{\"projectId\":\"monorepo-ex\",\"storageBucket\":\"monorepo-ex.appspot.com\",\"locationId\":\"us-central\"}","GCLOUD_PROJECT":"monorepo-ex"},"runtime":"nodejs16","ingressSettings":"ALLOW_ALL","buildId":"1c3733ee-c492-49c5-b2d9-314b7368efa5","buildName":"projects/103289758081/locations/us-central1/builds/1c3733ee-c492-49c5-b2d9-314b7368efa5","dockerRegistry":"CONTAINER_REGISTRY"},"versionId":"2","updateTime":"2022-05-26T22:06:34Z","buildId":"6b163087-e479-47f2-b703-7cdd9deec938","buildName":"projects/103289758081/locations/us-central1/builds/6b163087-e479-47f2-b703-7cdd9deec938"}}
[debug] [2022-05-26T22:06:51.547Z] [update-default-us-central1-helloWorld] Retrying task index 0
[debug] [2022-05-26T22:06:51.548Z] >>> [apiv2][query] GET https://cloudfunctions.googleapis.com/v1/operations/bW9ub3JlcG8tZXgvdXMtY2VudHJhbDEvaGVsbG9Xb3JsZC9ldFVkdFlqM19zMA [none]
[debug] [2022-05-26T22:06:51.794Z] <<< [apiv2][status] GET https://cloudfunctions.googleapis.com/v1/operations/bW9ub3JlcG8tZXgvdXMtY2VudHJhbDEvaGVsbG9Xb3JsZC9ldFVkdFlqM19zMA 200
[debug] [2022-05-26T22:06:51.794Z] <<< [apiv2][body] GET https://cloudfunctions.googleapis.com/v1/operations/bW9ub3JlcG8tZXgvdXMtY2VudHJhbDEvaGVsbG9Xb3JsZC9ldFVkdFlqM19zMA {"name":"operations/bW9ub3JlcG8tZXgvdXMtY2VudHJhbDEvaGVsbG9Xb3JsZC9ldFVkdFlqM19zMA","metadata":{"@type":"type.googleapis.com/google.cloud.functions.v1.OperationMetadataV1","target":"projects/monorepo-ex/locations/us-central1/functions/helloWorld","type":"UPDATE_FUNCTION","request":{"@type":"type.googleapis.com/google.cloud.functions.v1.CloudFunction","name":"projects/monorepo-ex/locations/us-central1/functions/helloWorld","httpsTrigger":{"url":"https://us-central1-monorepo-ex.cloudfunctions.net/helloWorld","securityLevel":"SECURE_ALWAYS"},"status":"ACTIVE","entryPoint":"helloWorld","timeout":"60s","availableMemoryMb":256,"serviceAccountEmail":"monorepo-ex@appspot.gserviceaccount.com","updateTime":"2022-05-26T21:43:14.309Z","versionId":"1","labels":{"deployment-tool":"cli-firebase"},"sourceUploadUrl":"https://storage.googleapis.com/uploads-931436615215.us-central1.cloudfunctions.appspot.com/ad79a984-2931-44ba-be2e-72173b016708.zip?GoogleAccessId=service-103289758081@gcf-admin-robot.iam.gserviceaccount.com&Expires=1653604592&Signature=XG2u%2Fr9cM1%2BGS5Ec21xIozGxbOKDoTPpB5wnLAXIGH8Nraaa2hxQBHjpNRDHd3aZZ96y60eLasOMMYdhKQ6G%2Bjh4gRjT2eZcu3UMM%2FBhbGnYSdadL9GmynVLVuF8xH%2BuzdFWSTxNfdeP%2BQC8WzL%2FRvTSvtQGDHMwgk%2FoijbpENhE6VESXEYiJJHBpG7efo6SdLPglCpitcBctcPa7jzSCAW6Sj9zF3SFGo9KBIqkREXCi%2BUEE3rntP592gyrB9e7DaWy80C4ChN4nKgVf7vEinxZh8AYzmvLMy%2FueZvdT25AVZM4j%2BmRKX%2Bh9Le80l%2FR9%2F5yjhCQOy7yuPH%2FotwBdg%3D%3D","environmentVariables":{"FIREBASE_CONFIG":"{\"projectId\":\"monorepo-ex\",\"storageBucket\":\"monorepo-ex.appspot.com\",\"locationId\":\"us-central\"}","GCLOUD_PROJECT":"monorepo-ex"},"runtime":"nodejs16","ingressSettings":"ALLOW_ALL","buildId":"1c3733ee-c492-49c5-b2d9-314b7368efa5","buildName":"projects/103289758081/locations/us-central1/builds/1c3733ee-c492-49c5-b2d9-314b7368efa5","dockerRegistry":"CONTAINER_REGISTRY"},"versionId":"2","updateTime":"2022-05-26T22:06:34Z","buildId":"6b163087-e479-47f2-b703-7cdd9deec938","buildName":"projects/103289758081/locations/us-central1/builds/6b163087-e479-47f2-b703-7cdd9deec938"}}
[debug] [2022-05-26T22:07:01.796Z] [update-default-us-central1-helloWorld] Retrying task index 0
[debug] [2022-05-26T22:07:01.797Z] >>> [apiv2][query] GET https://cloudfunctions.googleapis.com/v1/operations/bW9ub3JlcG8tZXgvdXMtY2VudHJhbDEvaGVsbG9Xb3JsZC9ldFVkdFlqM19zMA [none]
[debug] [2022-05-26T22:07:02.062Z] <<< [apiv2][status] GET https://cloudfunctions.googleapis.com/v1/operations/bW9ub3JlcG8tZXgvdXMtY2VudHJhbDEvaGVsbG9Xb3JsZC9ldFVkdFlqM19zMA 200
[debug] [2022-05-26T22:07:02.063Z] <<< [apiv2][body] GET https://cloudfunctions.googleapis.com/v1/operations/bW9ub3JlcG8tZXgvdXMtY2VudHJhbDEvaGVsbG9Xb3JsZC9ldFVkdFlqM19zMA {"name":"operations/bW9ub3JlcG8tZXgvdXMtY2VudHJhbDEvaGVsbG9Xb3JsZC9ldFVkdFlqM19zMA","metadata":{"@type":"type.googleapis.com/google.cloud.functions.v1.OperationMetadataV1","target":"projects/monorepo-ex/locations/us-central1/functions/helloWorld","type":"UPDATE_FUNCTION","request":{"@type":"type.googleapis.com/google.cloud.functions.v1.CloudFunction","name":"projects/monorepo-ex/locations/us-central1/functions/helloWorld","httpsTrigger":{"url":"https://us-central1-monorepo-ex.cloudfunctions.net/helloWorld","securityLevel":"SECURE_ALWAYS"},"status":"ACTIVE","entryPoint":"helloWorld","timeout":"60s","availableMemoryMb":256,"serviceAccountEmail":"monorepo-ex@appspot.gserviceaccount.com","updateTime":"2022-05-26T21:43:14.309Z","versionId":"1","labels":{"deployment-tool":"cli-firebase"},"sourceUploadUrl":"https://storage.googleapis.com/uploads-931436615215.us-central1.cloudfunctions.appspot.com/ad79a984-2931-44ba-be2e-72173b016708.zip?GoogleAccessId=service-103289758081@gcf-admin-robot.iam.gserviceaccount.com&Expires=1653604592&Signature=XG2u%2Fr9cM1%2BGS5Ec21xIozGxbOKDoTPpB5wnLAXIGH8Nraaa2hxQBHjpNRDHd3aZZ96y60eLasOMMYdhKQ6G%2Bjh4gRjT2eZcu3UMM%2FBhbGnYSdadL9GmynVLVuF8xH%2BuzdFWSTxNfdeP%2BQC8WzL%2FRvTSvtQGDHMwgk%2FoijbpENhE6VESXEYiJJHBpG7efo6SdLPglCpitcBctcPa7jzSCAW6Sj9zF3SFGo9KBIqkREXCi%2BUEE3rntP592gyrB9e7DaWy80C4ChN4nKgVf7vEinxZh8AYzmvLMy%2FueZvdT25AVZM4j%2BmRKX%2Bh9Le80l%2FR9%2F5yjhCQOy7yuPH%2FotwBdg%3D%3D","environmentVariables":{"FIREBASE_CONFIG":"{\"projectId\":\"monorepo-ex\",\"storageBucket\":\"monorepo-ex.appspot.com\",\"locationId\":\"us-central\"}","GCLOUD_PROJECT":"monorepo-ex"},"runtime":"nodejs16","ingressSettings":"ALLOW_ALL","buildId":"1c3733ee-c492-49c5-b2d9-314b7368efa5","buildName":"projects/103289758081/locations/us-central1/builds/1c3733ee-c492-49c5-b2d9-314b7368efa5","dockerRegistry":"CONTAINER_REGISTRY"},"versionId":"2","updateTime":"2022-05-26T22:06:34Z","buildId":"6b163087-e479-47f2-b703-7cdd9deec938","buildName":"projects/103289758081/locations/us-central1/builds/6b163087-e479-47f2-b703-7cdd9deec938"}}
[debug] [2022-05-26T22:07:12.064Z] [update-default-us-central1-helloWorld] Retrying task index 0
[debug] [2022-05-26T22:07:12.065Z] >>> [apiv2][query] GET https://cloudfunctions.googleapis.com/v1/operations/bW9ub3JlcG8tZXgvdXMtY2VudHJhbDEvaGVsbG9Xb3JsZC9ldFVkdFlqM19zMA [none]
[debug] [2022-05-26T22:07:12.470Z] <<< [apiv2][status] GET https://cloudfunctions.googleapis.com/v1/operations/bW9ub3JlcG8tZXgvdXMtY2VudHJhbDEvaGVsbG9Xb3JsZC9ldFVkdFlqM19zMA 200
[debug] [2022-05-26T22:07:12.471Z] <<< [apiv2][body] GET https://cloudfunctions.googleapis.com/v1/operations/bW9ub3JlcG8tZXgvdXMtY2VudHJhbDEvaGVsbG9Xb3JsZC9ldFVkdFlqM19zMA {"name":"operations/bW9ub3JlcG8tZXgvdXMtY2VudHJhbDEvaGVsbG9Xb3JsZC9ldFVkdFlqM19zMA","metadata":{"@type":"type.googleapis.com/google.cloud.functions.v1.OperationMetadataV1","target":"projects/monorepo-ex/locations/us-central1/functions/helloWorld","type":"UPDATE_FUNCTION","request":{"@type":"type.googleapis.com/google.cloud.functions.v1.CloudFunction","name":"projects/monorepo-ex/locations/us-central1/functions/helloWorld","httpsTrigger":{"url":"https://us-central1-monorepo-ex.cloudfunctions.net/helloWorld","securityLevel":"SECURE_ALWAYS"},"status":"ACTIVE","entryPoint":"helloWorld","timeout":"60s","availableMemoryMb":256,"serviceAccountEmail":"monorepo-ex@appspot.gserviceaccount.com","updateTime":"2022-05-26T21:43:14.309Z","versionId":"1","labels":{"deployment-tool":"cli-firebase"},"sourceUploadUrl":"https://storage.googleapis.com/uploads-931436615215.us-central1.cloudfunctions.appspot.com/ad79a984-2931-44ba-be2e-72173b016708.zip?GoogleAccessId=service-103289758081@gcf-admin-robot.iam.gserviceaccount.com&Expires=1653604592&Signature=XG2u%2Fr9cM1%2BGS5Ec21xIozGxbOKDoTPpB5wnLAXIGH8Nraaa2hxQBHjpNRDHd3aZZ96y60eLasOMMYdhKQ6G%2Bjh4gRjT2eZcu3UMM%2FBhbGnYSdadL9GmynVLVuF8xH%2BuzdFWSTxNfdeP%2BQC8WzL%2FRvTSvtQGDHMwgk%2FoijbpENhE6VESXEYiJJHBpG7efo6SdLPglCpitcBctcPa7jzSCAW6Sj9zF3SFGo9KBIqkREXCi%2BUEE3rntP592gyrB9e7DaWy80C4ChN4nKgVf7vEinxZh8AYzmvLMy%2FueZvdT25AVZM4j%2BmRKX%2Bh9Le80l%2FR9%2F5yjhCQOy7yuPH%2FotwBdg%3D%3D","environmentVariables":{"FIREBASE_CONFIG":"{\"projectId\":\"monorepo-ex\",\"storageBucket\":\"monorepo-ex.appspot.com\",\"locationId\":\"us-central\"}","GCLOUD_PROJECT":"monorepo-ex"},"runtime":"nodejs16","ingressSettings":"ALLOW_ALL","buildId":"1c3733ee-c492-49c5-b2d9-314b7368efa5","buildName":"projects/103289758081/locations/us-central1/builds/1c3733ee-c492-49c5-b2d9-314b7368efa5","dockerRegistry":"CONTAINER_REGISTRY"},"versionId":"2","updateTime":"2022-05-26T22:06:34Z","buildId":"6b163087-e479-47f2-b703-7cdd9deec938","buildName":"projects/103289758081/locations/us-central1/builds/6b163087-e479-47f2-b703-7cdd9deec938"}}
[debug] [2022-05-26T22:07:22.472Z] [update-default-us-central1-helloWorld] Retrying task index 0
[debug] [2022-05-26T22:07:22.472Z] >>> [apiv2][query] GET https://cloudfunctions.googleapis.com/v1/operations/bW9ub3JlcG8tZXgvdXMtY2VudHJhbDEvaGVsbG9Xb3JsZC9ldFVkdFlqM19zMA [none]
[debug] [2022-05-26T22:07:22.739Z] <<< [apiv2][status] GET https://cloudfunctions.googleapis.com/v1/operations/bW9ub3JlcG8tZXgvdXMtY2VudHJhbDEvaGVsbG9Xb3JsZC9ldFVkdFlqM19zMA 200
[debug] [2022-05-26T22:07:22.740Z] <<< [apiv2][body] GET https://cloudfunctions.googleapis.com/v1/operations/bW9ub3JlcG8tZXgvdXMtY2VudHJhbDEvaGVsbG9Xb3JsZC9ldFVkdFlqM19zMA {"name":"operations/bW9ub3JlcG8tZXgvdXMtY2VudHJhbDEvaGVsbG9Xb3JsZC9ldFVkdFlqM19zMA","metadata":{"@type":"type.googleapis.com/google.cloud.functions.v1.OperationMetadataV1","target":"projects/monorepo-ex/locations/us-central1/functions/helloWorld","type":"UPDATE_FUNCTION","request":{"@type":"type.googleapis.com/google.cloud.functions.v1.CloudFunction","name":"projects/monorepo-ex/locations/us-central1/functions/helloWorld","httpsTrigger":{"url":"https://us-central1-monorepo-ex.cloudfunctions.net/helloWorld","securityLevel":"SECURE_ALWAYS"},"status":"ACTIVE","entryPoint":"helloWorld","timeout":"60s","availableMemoryMb":256,"serviceAccountEmail":"monorepo-ex@appspot.gserviceaccount.com","updateTime":"2022-05-26T21:43:14.309Z","versionId":"1","labels":{"deployment-tool":"cli-firebase"},"sourceUploadUrl":"https://storage.googleapis.com/uploads-931436615215.us-central1.cloudfunctions.appspot.com/ad79a984-2931-44ba-be2e-72173b016708.zip?GoogleAccessId=service-103289758081@gcf-admin-robot.iam.gserviceaccount.com&Expires=1653604592&Signature=XG2u%2Fr9cM1%2BGS5Ec21xIozGxbOKDoTPpB5wnLAXIGH8Nraaa2hxQBHjpNRDHd3aZZ96y60eLasOMMYdhKQ6G%2Bjh4gRjT2eZcu3UMM%2FBhbGnYSdadL9GmynVLVuF8xH%2BuzdFWSTxNfdeP%2BQC8WzL%2FRvTSvtQGDHMwgk%2FoijbpENhE6VESXEYiJJHBpG7efo6SdLPglCpitcBctcPa7jzSCAW6Sj9zF3SFGo9KBIqkREXCi%2BUEE3rntP592gyrB9e7DaWy80C4ChN4nKgVf7vEinxZh8AYzmvLMy%2FueZvdT25AVZM4j%2BmRKX%2Bh9Le80l%2FR9%2F5yjhCQOy7yuPH%2FotwBdg%3D%3D","environmentVariables":{"FIREBASE_CONFIG":"{\"projectId\":\"monorepo-ex\",\"storageBucket\":\"monorepo-ex.appspot.com\",\"locationId\":\"us-central\"}","GCLOUD_PROJECT":"monorepo-ex"},"runtime":"nodejs16","ingressSettings":"ALLOW_ALL","buildId":"1c3733ee-c492-49c5-b2d9-314b7368efa5","buildName":"projects/103289758081/locations/us-central1/builds/1c3733ee-c492-49c5-b2d9-314b7368efa5","dockerRegistry":"CONTAINER_REGISTRY"},"versionId":"2","updateTime":"2022-05-26T22:06:34Z","buildId":"6b163087-e479-47f2-b703-7cdd9deec938","buildName":"projects/103289758081/locations/us-central1/builds/6b163087-e479-47f2-b703-7cdd9deec938"}}
[debug] [2022-05-26T22:07:32.742Z] [update-default-us-central1-helloWorld] Retrying task index 0
[debug] [2022-05-26T22:07:32.744Z] >>> [apiv2][query] GET https://cloudfunctions.googleapis.com/v1/operations/bW9ub3JlcG8tZXgvdXMtY2VudHJhbDEvaGVsbG9Xb3JsZC9ldFVkdFlqM19zMA [none]
[debug] [2022-05-26T22:07:33.007Z] <<< [apiv2][status] GET https://cloudfunctions.googleapis.com/v1/operations/bW9ub3JlcG8tZXgvdXMtY2VudHJhbDEvaGVsbG9Xb3JsZC9ldFVkdFlqM19zMA 200
[debug] [2022-05-26T22:07:33.007Z] <<< [apiv2][body] GET https://cloudfunctions.googleapis.com/v1/operations/bW9ub3JlcG8tZXgvdXMtY2VudHJhbDEvaGVsbG9Xb3JsZC9ldFVkdFlqM19zMA {"name":"operations/bW9ub3JlcG8tZXgvdXMtY2VudHJhbDEvaGVsbG9Xb3JsZC9ldFVkdFlqM19zMA","metadata":{"@type":"type.googleapis.com/google.cloud.functions.v1.OperationMetadataV1","target":"projects/monorepo-ex/locations/us-central1/functions/helloWorld","type":"UPDATE_FUNCTION","request":{"@type":"type.googleapis.com/google.cloud.functions.v1.CloudFunction","name":"projects/monorepo-ex/locations/us-central1/functions/helloWorld","httpsTrigger":{"url":"https://us-central1-monorepo-ex.cloudfunctions.net/helloWorld","securityLevel":"SECURE_ALWAYS"},"status":"ACTIVE","entryPoint":"helloWorld","timeout":"60s","availableMemoryMb":256,"serviceAccountEmail":"monorepo-ex@appspot.gserviceaccount.com","updateTime":"2022-05-26T21:43:14.309Z","versionId":"1","labels":{"deployment-tool":"cli-firebase"},"sourceUploadUrl":"https://storage.googleapis.com/uploads-931436615215.us-central1.cloudfunctions.appspot.com/ad79a984-2931-44ba-be2e-72173b016708.zip?GoogleAccessId=service-103289758081@gcf-admin-robot.iam.gserviceaccount.com&Expires=1653604592&Signature=XG2u%2Fr9cM1%2BGS5Ec21xIozGxbOKDoTPpB5wnLAXIGH8Nraaa2hxQBHjpNRDHd3aZZ96y60eLasOMMYdhKQ6G%2Bjh4gRjT2eZcu3UMM%2FBhbGnYSdadL9GmynVLVuF8xH%2BuzdFWSTxNfdeP%2BQC8WzL%2FRvTSvtQGDHMwgk%2FoijbpENhE6VESXEYiJJHBpG7efo6SdLPglCpitcBctcPa7jzSCAW6Sj9zF3SFGo9KBIqkREXCi%2BUEE3rntP592gyrB9e7DaWy80C4ChN4nKgVf7vEinxZh8AYzmvLMy%2FueZvdT25AVZM4j%2BmRKX%2Bh9Le80l%2FR9%2F5yjhCQOy7yuPH%2FotwBdg%3D%3D","environmentVariables":{"FIREBASE_CONFIG":"{\"projectId\":\"monorepo-ex\",\"storageBucket\":\"monorepo-ex.appspot.com\",\"locationId\":\"us-central\"}","GCLOUD_PROJECT":"monorepo-ex"},"runtime":"nodejs16","ingressSettings":"ALLOW_ALL","buildId":"1c3733ee-c492-49c5-b2d9-314b7368efa5","buildName":"projects/103289758081/locations/us-central1/builds/1c3733ee-c492-49c5-b2d9-314b7368efa5","dockerRegistry":"CONTAINER_REGISTRY"},"versionId":"2","updateTime":"2022-05-26T22:06:34Z","buildId":"6b163087-e479-47f2-b703-7cdd9deec938","sourceToken":"5b21bb9d-f770-4fba-8511-2cc7d8bb74e6","buildName":"projects/103289758081/locations/us-central1/builds/6b163087-e479-47f2-b703-7cdd9deec938"}}
[debug] [2022-05-26T22:07:33.007Z] Got source token 5b21bb9d-f770-4fba-8511-2cc7d8bb74e6 for region us-central1
[debug] [2022-05-26T22:07:43.011Z] [update-default-us-central1-helloWorld] Retrying task index 0
[debug] [2022-05-26T22:07:43.013Z] >>> [apiv2][query] GET https://cloudfunctions.googleapis.com/v1/operations/bW9ub3JlcG8tZXgvdXMtY2VudHJhbDEvaGVsbG9Xb3JsZC9ldFVkdFlqM19zMA [none]
[debug] [2022-05-26T22:07:43.299Z] <<< [apiv2][status] GET https://cloudfunctions.googleapis.com/v1/operations/bW9ub3JlcG8tZXgvdXMtY2VudHJhbDEvaGVsbG9Xb3JsZC9ldFVkdFlqM19zMA 200
[debug] [2022-05-26T22:07:43.299Z] <<< [apiv2][body] GET https://cloudfunctions.googleapis.com/v1/operations/bW9ub3JlcG8tZXgvdXMtY2VudHJhbDEvaGVsbG9Xb3JsZC9ldFVkdFlqM19zMA {"name":"operations/bW9ub3JlcG8tZXgvdXMtY2VudHJhbDEvaGVsbG9Xb3JsZC9ldFVkdFlqM19zMA","metadata":{"@type":"type.googleapis.com/google.cloud.functions.v1.OperationMetadataV1","target":"projects/monorepo-ex/locations/us-central1/functions/helloWorld","type":"UPDATE_FUNCTION","request":{"@type":"type.googleapis.com/google.cloud.functions.v1.CloudFunction","name":"projects/monorepo-ex/locations/us-central1/functions/helloWorld","httpsTrigger":{"url":"https://us-central1-monorepo-ex.cloudfunctions.net/helloWorld","securityLevel":"SECURE_ALWAYS"},"status":"ACTIVE","entryPoint":"helloWorld","timeout":"60s","availableMemoryMb":256,"serviceAccountEmail":"monorepo-ex@appspot.gserviceaccount.com","updateTime":"2022-05-26T21:43:14.309Z","versionId":"1","labels":{"deployment-tool":"cli-firebase"},"sourceUploadUrl":"https://storage.googleapis.com/uploads-931436615215.us-central1.cloudfunctions.appspot.com/ad79a984-2931-44ba-be2e-72173b016708.zip?GoogleAccessId=service-103289758081@gcf-admin-robot.iam.gserviceaccount.com&Expires=1653604592&Signature=XG2u%2Fr9cM1%2BGS5Ec21xIozGxbOKDoTPpB5wnLAXIGH8Nraaa2hxQBHjpNRDHd3aZZ96y60eLasOMMYdhKQ6G%2Bjh4gRjT2eZcu3UMM%2FBhbGnYSdadL9GmynVLVuF8xH%2BuzdFWSTxNfdeP%2BQC8WzL%2FRvTSvtQGDHMwgk%2FoijbpENhE6VESXEYiJJHBpG7efo6SdLPglCpitcBctcPa7jzSCAW6Sj9zF3SFGo9KBIqkREXCi%2BUEE3rntP592gyrB9e7DaWy80C4ChN4nKgVf7vEinxZh8AYzmvLMy%2FueZvdT25AVZM4j%2BmRKX%2Bh9Le80l%2FR9%2F5yjhCQOy7yuPH%2FotwBdg%3D%3D","environmentVariables":{"FIREBASE_CONFIG":"{\"projectId\":\"monorepo-ex\",\"storageBucket\":\"monorepo-ex.appspot.com\",\"locationId\":\"us-central\"}","GCLOUD_PROJECT":"monorepo-ex"},"runtime":"nodejs16","ingressSettings":"ALLOW_ALL","buildId":"1c3733ee-c492-49c5-b2d9-314b7368efa5","buildName":"projects/103289758081/locations/us-central1/builds/1c3733ee-c492-49c5-b2d9-314b7368efa5","dockerRegistry":"CONTAINER_REGISTRY"},"versionId":"2","updateTime":"2022-05-26T22:06:34Z","buildId":"6b163087-e479-47f2-b703-7cdd9deec938","sourceToken":"5b21bb9d-f770-4fba-8511-2cc7d8bb74e6","buildName":"projects/103289758081/locations/us-central1/builds/6b163087-e479-47f2-b703-7cdd9deec938"}}
[debug] [2022-05-26T22:07:43.300Z] Got source token 5b21bb9d-f770-4fba-8511-2cc7d8bb74e6 for region us-central1
[debug] [2022-05-26T22:07:53.303Z] [update-default-us-central1-helloWorld] Retrying task index 0
[debug] [2022-05-26T22:07:53.304Z] >>> [apiv2][query] GET https://cloudfunctions.googleapis.com/v1/operations/bW9ub3JlcG8tZXgvdXMtY2VudHJhbDEvaGVsbG9Xb3JsZC9ldFVkdFlqM19zMA [none]
[debug] [2022-05-26T22:07:53.695Z] <<< [apiv2][status] GET https://cloudfunctions.googleapis.com/v1/operations/bW9ub3JlcG8tZXgvdXMtY2VudHJhbDEvaGVsbG9Xb3JsZC9ldFVkdFlqM19zMA 200
[debug] [2022-05-26T22:07:53.696Z] <<< [apiv2][body] GET https://cloudfunctions.googleapis.com/v1/operations/bW9ub3JlcG8tZXgvdXMtY2VudHJhbDEvaGVsbG9Xb3JsZC9ldFVkdFlqM19zMA {"name":"operations/bW9ub3JlcG8tZXgvdXMtY2VudHJhbDEvaGVsbG9Xb3JsZC9ldFVkdFlqM19zMA","metadata":{"@type":"type.googleapis.com/google.cloud.functions.v1.OperationMetadataV1","target":"projects/monorepo-ex/locations/us-central1/functions/helloWorld","type":"UPDATE_FUNCTION","request":{"@type":"type.googleapis.com/google.cloud.functions.v1.CloudFunction","name":"projects/monorepo-ex/locations/us-central1/functions/helloWorld","httpsTrigger":{"url":"https://us-central1-monorepo-ex.cloudfunctions.net/helloWorld","securityLevel":"SECURE_ALWAYS"},"status":"ACTIVE","entryPoint":"helloWorld","timeout":"60s","availableMemoryMb":256,"serviceAccountEmail":"monorepo-ex@appspot.gserviceaccount.com","updateTime":"2022-05-26T21:43:14.309Z","versionId":"1","labels":{"deployment-tool":"cli-firebase"},"sourceUploadUrl":"https://storage.googleapis.com/uploads-931436615215.us-central1.cloudfunctions.appspot.com/ad79a984-2931-44ba-be2e-72173b016708.zip?GoogleAccessId=service-103289758081@gcf-admin-robot.iam.gserviceaccount.com&Expires=1653604592&Signature=XG2u%2Fr9cM1%2BGS5Ec21xIozGxbOKDoTPpB5wnLAXIGH8Nraaa2hxQBHjpNRDHd3aZZ96y60eLasOMMYdhKQ6G%2Bjh4gRjT2eZcu3UMM%2FBhbGnYSdadL9GmynVLVuF8xH%2BuzdFWSTxNfdeP%2BQC8WzL%2FRvTSvtQGDHMwgk%2FoijbpENhE6VESXEYiJJHBpG7efo6SdLPglCpitcBctcPa7jzSCAW6Sj9zF3SFGo9KBIqkREXCi%2BUEE3rntP592gyrB9e7DaWy80C4ChN4nKgVf7vEinxZh8AYzmvLMy%2FueZvdT25AVZM4j%2BmRKX%2Bh9Le80l%2FR9%2F5yjhCQOy7yuPH%2FotwBdg%3D%3D","environmentVariables":{"FIREBASE_CONFIG":"{\"projectId\":\"monorepo-ex\",\"storageBucket\":\"monorepo-ex.appspot.com\",\"locationId\":\"us-central\"}","GCLOUD_PROJECT":"monorepo-ex"},"runtime":"nodejs16","ingressSettings":"ALLOW_ALL","buildId":"1c3733ee-c492-49c5-b2d9-314b7368efa5","buildName":"projects/103289758081/locations/us-central1/builds/1c3733ee-c492-49c5-b2d9-314b7368efa5","dockerRegistry":"CONTAINER_REGISTRY"},"versionId":"2","updateTime":"2022-05-26T22:06:34Z","buildId":"6b163087-e479-47f2-b703-7cdd9deec938","sourceToken":"5b21bb9d-f770-4fba-8511-2cc7d8bb74e6","buildName":"projects/103289758081/locations/us-central1/builds/6b163087-e479-47f2-b703-7cdd9deec938"}}
[debug] [2022-05-26T22:07:53.696Z] Got source token 5b21bb9d-f770-4fba-8511-2cc7d8bb74e6 for region us-central1
[debug] [2022-05-26T22:08:03.699Z] [update-default-us-central1-helloWorld] Retrying task index 0
[debug] [2022-05-26T22:08:03.702Z] >>> [apiv2][query] GET https://cloudfunctions.googleapis.com/v1/operations/bW9ub3JlcG8tZXgvdXMtY2VudHJhbDEvaGVsbG9Xb3JsZC9ldFVkdFlqM19zMA [none]
[debug] [2022-05-26T22:08:03.995Z] <<< [apiv2][status] GET https://cloudfunctions.googleapis.com/v1/operations/bW9ub3JlcG8tZXgvdXMtY2VudHJhbDEvaGVsbG9Xb3JsZC9ldFVkdFlqM19zMA 200
[debug] [2022-05-26T22:08:03.995Z] <<< [apiv2][body] GET https://cloudfunctions.googleapis.com/v1/operations/bW9ub3JlcG8tZXgvdXMtY2VudHJhbDEvaGVsbG9Xb3JsZC9ldFVkdFlqM19zMA {"name":"operations/bW9ub3JlcG8tZXgvdXMtY2VudHJhbDEvaGVsbG9Xb3JsZC9ldFVkdFlqM19zMA","metadata":{"@type":"type.googleapis.com/google.cloud.functions.v1.OperationMetadataV1","target":"projects/monorepo-ex/locations/us-central1/functions/helloWorld","type":"UPDATE_FUNCTION","request":{"@type":"type.googleapis.com/google.cloud.functions.v1.CloudFunction","name":"projects/monorepo-ex/locations/us-central1/functions/helloWorld","httpsTrigger":{"url":"https://us-central1-monorepo-ex.cloudfunctions.net/helloWorld","securityLevel":"SECURE_ALWAYS"},"status":"ACTIVE","entryPoint":"helloWorld","timeout":"60s","availableMemoryMb":256,"serviceAccountEmail":"monorepo-ex@appspot.gserviceaccount.com","updateTime":"2022-05-26T21:43:14.309Z","versionId":"1","labels":{"deployment-tool":"cli-firebase"},"sourceUploadUrl":"https://storage.googleapis.com/uploads-931436615215.us-central1.cloudfunctions.appspot.com/ad79a984-2931-44ba-be2e-72173b016708.zip?GoogleAccessId=service-103289758081@gcf-admin-robot.iam.gserviceaccount.com&Expires=1653604592&Signature=XG2u%2Fr9cM1%2BGS5Ec21xIozGxbOKDoTPpB5wnLAXIGH8Nraaa2hxQBHjpNRDHd3aZZ96y60eLasOMMYdhKQ6G%2Bjh4gRjT2eZcu3UMM%2FBhbGnYSdadL9GmynVLVuF8xH%2BuzdFWSTxNfdeP%2BQC8WzL%2FRvTSvtQGDHMwgk%2FoijbpENhE6VESXEYiJJHBpG7efo6SdLPglCpitcBctcPa7jzSCAW6Sj9zF3SFGo9KBIqkREXCi%2BUEE3rntP592gyrB9e7DaWy80C4ChN4nKgVf7vEinxZh8AYzmvLMy%2FueZvdT25AVZM4j%2BmRKX%2Bh9Le80l%2FR9%2F5yjhCQOy7yuPH%2FotwBdg%3D%3D","environmentVariables":{"FIREBASE_CONFIG":"{\"projectId\":\"monorepo-ex\",\"storageBucket\":\"monorepo-ex.appspot.com\",\"locationId\":\"us-central\"}","GCLOUD_PROJECT":"monorepo-ex"},"runtime":"nodejs16","ingressSettings":"ALLOW_ALL","buildId":"1c3733ee-c492-49c5-b2d9-314b7368efa5","buildName":"projects/103289758081/locations/us-central1/builds/1c3733ee-c492-49c5-b2d9-314b7368efa5","dockerRegistry":"CONTAINER_REGISTRY"},"versionId":"2","updateTime":"2022-05-26T22:08:01Z","buildId":"6b163087-e479-47f2-b703-7cdd9deec938","sourceToken":"5b21bb9d-f770-4fba-8511-2cc7d8bb74e6","buildName":"projects/103289758081/locations/us-central1/builds/6b163087-e479-47f2-b703-7cdd9deec938"},"done":true,"error":{"code":3,"message":"Function failed on loading user code. This is likely due to a bug in the user code. Error message: Error: please examine your function logs to see the error cause: https://cloud.google.com/functions/docs/monitoring/logging#viewing_logs. Additional troubleshooting documentation can be found at https://cloud.google.com/functions/docs/troubleshooting#logging. Please visit https://cloud.google.com/functions/docs/troubleshooting for in-depth troubleshooting documentation."}}
[debug] [2022-05-26T22:08:03.996Z] Got source token 5b21bb9d-f770-4fba-8511-2cc7d8bb74e6 for region us-central1
[error] Function failed on loading user code. This is likely due to a bug in the user code. Error message: Error: please examine your function logs to see the error cause: https://cloud.google.com/functions/docs/monitoring/logging#viewing_logs. Additional troubleshooting documentation can be found at https://cloud.google.com/functions/docs/troubleshooting#logging. Please visit https://cloud.google.com/functions/docs/troubleshooting for in-depth troubleshooting documentation.
[debug] [2022-05-26T22:08:04.006Z] Total Function Deployment time: 90781
[debug] [2022-05-26T22:08:04.006Z] 1 Functions Deployed
[debug] [2022-05-26T22:08:04.006Z] 1 Functions Errored
[debug] [2022-05-26T22:08:04.006Z] 0 Function Deployments Aborted
[debug] [2022-05-26T22:08:04.006Z] Average Function Deployment time: 90779
[info] 
[info] Functions deploy had errors with the following functions:
	helloWorld(us-central1)
[debug] [2022-05-26T22:08:04.010Z] Not printing URL for HTTPS function. Typically this means it didn't match a filter or we failed deployment
[info] i  functions: cleaning up build files... 
[debug] [2022-05-26T22:08:04.015Z] >>> [apiv2][query] DELETE https://artifactregistry.googleapis.com/v1beta2/projects/monorepo-ex/locations/us-central1/repositories/gcf-artifacts/packages/hello_world [none]
[debug] [2022-05-26T22:08:04.021Z] >>> [apiv2][query] GET https://us.gcr.io/v2/monorepo-ex/gcf/us-central1/tags/list [none]
[debug] [2022-05-26T22:08:04.615Z] <<< [apiv2][status] GET https://us.gcr.io/v2/monorepo-ex/gcf/us-central1/tags/list 200
[debug] [2022-05-26T22:08:04.615Z] <<< [apiv2][body] GET https://us.gcr.io/v2/monorepo-ex/gcf/us-central1/tags/list {"child":["e972a073-bdda-4a59-aeb3-fc08d8ecb980"],"manifest":{},"name":"monorepo-ex/us.gcr.io/gcf/us-central1","tags":[]}
[debug] [2022-05-26T22:08:04.616Z] >>> [apiv2][query] GET https://us.gcr.io/v2/monorepo-ex/gcf/us-central1/e972a073-bdda-4a59-aeb3-fc08d8ecb980/tags/list [none]
[debug] [2022-05-26T22:08:04.626Z] <<< [apiv2][status] DELETE https://artifactregistry.googleapis.com/v1beta2/projects/monorepo-ex/locations/us-central1/repositories/gcf-artifacts/packages/hello_world 404
[debug] [2022-05-26T22:08:04.627Z] <<< [apiv2][body] DELETE https://artifactregistry.googleapis.com/v1beta2/projects/monorepo-ex/locations/us-central1/repositories/gcf-artifacts/packages/hello_world {"error":{"code":404,"message":"Repository does not exist: \"projects/monorepo-ex/locations/us-central1/repositories/gcf-artifacts\"","status":"NOT_FOUND"}}
[debug] [2022-05-26T22:08:05.181Z] <<< [apiv2][status] GET https://us.gcr.io/v2/monorepo-ex/gcf/us-central1/e972a073-bdda-4a59-aeb3-fc08d8ecb980/tags/list 200
[debug] [2022-05-26T22:08:05.181Z] <<< [apiv2][body] GET https://us.gcr.io/v2/monorepo-ex/gcf/us-central1/e972a073-bdda-4a59-aeb3-fc08d8ecb980/tags/list {"child":["cache"],"manifest":{"sha256:cab1cb0488b4aa6b9c56fb1e13a4617e76877c673320382cff6b03758a25d2d6":{"mediaType":"application/vnd.docker.distribution.manifest.v2+json","tag":["helloWorld_version-2","latest"],"timeUploadedMs":"1653602833681","timeCreatedMs":"315532801000","imageSizeBytes":"423507201"}},"name":"monorepo-ex/us.gcr.io/gcf/us-central1/e972a073-bdda-4a59-aeb3-fc08d8ecb980","tags":["helloWorld_version-2","latest"]}
[debug] [2022-05-26T22:08:05.182Z] >>> [apiv2][query] GET https://us.gcr.io/v2/monorepo-ex/gcf/us-central1/e972a073-bdda-4a59-aeb3-fc08d8ecb980/cache/tags/list [none]
[debug] [2022-05-26T22:08:05.184Z] >>> [apiv2][query] DELETE https://us.gcr.io/v2/monorepo-ex/gcf/us-central1/e972a073-bdda-4a59-aeb3-fc08d8ecb980/manifests/helloWorld_version-2 [none]
[debug] [2022-05-26T22:08:05.185Z] >>> [apiv2][query] DELETE https://us.gcr.io/v2/monorepo-ex/gcf/us-central1/e972a073-bdda-4a59-aeb3-fc08d8ecb980/manifests/latest [none]
[debug] [2022-05-26T22:08:05.669Z] <<< [apiv2][status] DELETE https://us.gcr.io/v2/monorepo-ex/gcf/us-central1/e972a073-bdda-4a59-aeb3-fc08d8ecb980/manifests/helloWorld_version-2 202
[debug] [2022-05-26T22:08:05.669Z] <<< [apiv2][body] DELETE https://us.gcr.io/v2/monorepo-ex/gcf/us-central1/e972a073-bdda-4a59-aeb3-fc08d8ecb980/manifests/helloWorld_version-2 undefined
[debug] [2022-05-26T22:08:05.683Z] <<< [apiv2][status] DELETE https://us.gcr.io/v2/monorepo-ex/gcf/us-central1/e972a073-bdda-4a59-aeb3-fc08d8ecb980/manifests/latest 202
[debug] [2022-05-26T22:08:05.683Z] <<< [apiv2][body] DELETE https://us.gcr.io/v2/monorepo-ex/gcf/us-central1/e972a073-bdda-4a59-aeb3-fc08d8ecb980/manifests/latest undefined
[debug] [2022-05-26T22:08:05.685Z] >>> [apiv2][query] DELETE https://us.gcr.io/v2/monorepo-ex/gcf/us-central1/e972a073-bdda-4a59-aeb3-fc08d8ecb980/manifests/sha256:cab1cb0488b4aa6b9c56fb1e13a4617e76877c673320382cff6b03758a25d2d6 [none]
[debug] [2022-05-26T22:08:05.809Z] <<< [apiv2][status] GET https://us.gcr.io/v2/monorepo-ex/gcf/us-central1/e972a073-bdda-4a59-aeb3-fc08d8ecb980/cache/tags/list 200
[debug] [2022-05-26T22:08:05.809Z] <<< [apiv2][body] GET https://us.gcr.io/v2/monorepo-ex/gcf/us-central1/e972a073-bdda-4a59-aeb3-fc08d8ecb980/cache/tags/list {"child":[],"manifest":{"sha256:242d5465d789ac55087098c7de054013dddf3bd639b18e07a1d73e9b69a110cc":{"mediaType":"application/vnd.docker.distribution.manifest.v2+json","tag":["6b163087-e479-47f2-b703-7cdd9deec938","latest"],"timeUploadedMs":"1653602836963","timeCreatedMs":"315532801000","imageSizeBytes":"14349817"}},"name":"monorepo-ex/us.gcr.io/gcf/us-central1/e972a073-bdda-4a59-aeb3-fc08d8ecb980/cache","tags":["6b163087-e479-47f2-b703-7cdd9deec938","latest"]}
[debug] [2022-05-26T22:08:05.810Z] >>> [apiv2][query] DELETE https://us.gcr.io/v2/monorepo-ex/gcf/us-central1/e972a073-bdda-4a59-aeb3-fc08d8ecb980/cache/manifests/6b163087-e479-47f2-b703-7cdd9deec938 [none]
[debug] [2022-05-26T22:08:05.812Z] >>> [apiv2][query] DELETE https://us.gcr.io/v2/monorepo-ex/gcf/us-central1/e972a073-bdda-4a59-aeb3-fc08d8ecb980/cache/manifests/latest [none]
[debug] [2022-05-26T22:08:06.214Z] <<< [apiv2][status] DELETE https://us.gcr.io/v2/monorepo-ex/gcf/us-central1/e972a073-bdda-4a59-aeb3-fc08d8ecb980/cache/manifests/latest 202
[debug] [2022-05-26T22:08:06.215Z] <<< [apiv2][body] DELETE https://us.gcr.io/v2/monorepo-ex/gcf/us-central1/e972a073-bdda-4a59-aeb3-fc08d8ecb980/cache/manifests/latest undefined
[debug] [2022-05-26T22:08:06.315Z] <<< [apiv2][status] DELETE https://us.gcr.io/v2/monorepo-ex/gcf/us-central1/e972a073-bdda-4a59-aeb3-fc08d8ecb980/cache/manifests/6b163087-e479-47f2-b703-7cdd9deec938 202
[debug] [2022-05-26T22:08:06.315Z] <<< [apiv2][body] DELETE https://us.gcr.io/v2/monorepo-ex/gcf/us-central1/e972a073-bdda-4a59-aeb3-fc08d8ecb980/cache/manifests/6b163087-e479-47f2-b703-7cdd9deec938 undefined
[debug] [2022-05-26T22:08:06.316Z] >>> [apiv2][query] DELETE https://us.gcr.io/v2/monorepo-ex/gcf/us-central1/e972a073-bdda-4a59-aeb3-fc08d8ecb980/cache/manifests/sha256:242d5465d789ac55087098c7de054013dddf3bd639b18e07a1d73e9b69a110cc [none]
[debug] [2022-05-26T22:08:06.508Z] <<< [apiv2][status] DELETE https://us.gcr.io/v2/monorepo-ex/gcf/us-central1/e972a073-bdda-4a59-aeb3-fc08d8ecb980/manifests/sha256:cab1cb0488b4aa6b9c56fb1e13a4617e76877c673320382cff6b03758a25d2d6 202
[debug] [2022-05-26T22:08:06.508Z] <<< [apiv2][body] DELETE https://us.gcr.io/v2/monorepo-ex/gcf/us-central1/e972a073-bdda-4a59-aeb3-fc08d8ecb980/manifests/sha256:cab1cb0488b4aa6b9c56fb1e13a4617e76877c673320382cff6b03758a25d2d6 undefined
[debug] [2022-05-26T22:08:06.921Z] <<< [apiv2][status] DELETE https://us.gcr.io/v2/monorepo-ex/gcf/us-central1/e972a073-bdda-4a59-aeb3-fc08d8ecb980/cache/manifests/sha256:242d5465d789ac55087098c7de054013dddf3bd639b18e07a1d73e9b69a110cc 202
[debug] [2022-05-26T22:08:06.921Z] <<< [apiv2][body] DELETE https://us.gcr.io/v2/monorepo-ex/gcf/us-central1/e972a073-bdda-4a59-aeb3-fc08d8ecb980/cache/manifests/sha256:242d5465d789ac55087098c7de054013dddf3bd639b18e07a1d73e9b69a110cc undefined
[debug] [2022-05-26T22:08:06.925Z] Error: Failed to update function helloWorld in region us-central1
    at /Users/jason/.volta/tools/image/packages/firebase-tools/lib/node_modules/firebase-tools/lib/deploy/functions/release/fabricator.js:41:11
    at processTicksAndRejections (node:internal/process/task_queues:96:5)
    at async Fabricator.updateV1Function (/Users/jason/.volta/tools/image/packages/firebase-tools/lib/node_modules/firebase-tools/lib/deploy/functions/release/fabricator.js:287:32)
    at async Fabricator.updateEndpoint (/Users/jason/.volta/tools/image/packages/firebase-tools/lib/node_modules/firebase-tools/lib/deploy/functions/release/fabricator.js:136:13)
    at async handle (/Users/jason/.volta/tools/image/packages/firebase-tools/lib/node_modules/firebase-tools/lib/deploy/functions/release/fabricator.js:77:17)
[error] 
[error] Error: There was an error deploying functions
